GRAN DESESPERACION/Library/Bee/Android/Prj/IL2CPP/Gradle/unityLibrary/build/intermediates/manifest_merge_blame_file/release/processReleaseManifest/manifest-merger-blame-release-report.txt
1<?xml version="1.0" encoding="utf-8"?>
2<manifest xmlns:android="http://schemas.android.com/apk/res/android"
3    xmlns:tools="http://schemas.android.com/tools"
4    package="com.unity3d.player"
5    android:installLocation="auto" >
6
7    <uses-sdk android:minSdkVersion="32" />
8
9    <uses-permission android:name="android.permission.INTERNET" />
9-->src\main\AndroidManifest.xml:3:3-65
9-->src\main\AndroidManifest.xml:3:20-62
10
11    <uses-feature
11-->src\main\AndroidManifest.xml:4:3-111
12        android:name="android.hardware.vr.headtracking"
12-->src\main\AndroidManifest.xml:4:17-64
13        android:required="true"
13-->src\main\AndroidManifest.xml:4:65-88
14        android:version="1" />
14-->src\main\AndroidManifest.xml:4:89-108
15    <uses-feature
15-->src\main\AndroidManifest.xml:5:3-90
16        android:name="android.hardware.vulkan.version"
16-->src\main\AndroidManifest.xml:5:17-63
17        android:required="true" />
17-->src\main\AndroidManifest.xml:5:64-87
18    <uses-feature
18-->src\main\AndroidManifest.xml:6:3-88
19        android:name="android.hardware.touchscreen"
19-->src\main\AndroidManifest.xml:6:17-60
20        android:required="false" />
20-->src\main\AndroidManifest.xml:6:61-85
21    <uses-feature
21-->src\main\AndroidManifest.xml:7:3-99
22        android:name="android.hardware.touchscreen.multitouch"
22-->src\main\AndroidManifest.xml:7:17-71
23        android:required="false" />
23-->src\main\AndroidManifest.xml:7:72-96
24    <uses-feature
24-->src\main\AndroidManifest.xml:8:3-108
25        android:name="android.hardware.touchscreen.multitouch.distinct"
25-->src\main\AndroidManifest.xml:8:17-80
26        android:required="false" />
26-->src\main\AndroidManifest.xml:8:81-105
27
28    <uses-permission android:name="com.oculus.permission.HAND_TRACKING" />
28-->src\main\AndroidManifest.xml:36:3-73
28-->src\main\AndroidManifest.xml:36:20-70
29
30    <uses-feature
30-->src\main\AndroidManifest.xml:37:3-88
31        android:name="oculus.software.handtracking"
31-->src\main\AndroidManifest.xml:37:17-60
32        android:required="false" />
32-->src\main\AndroidManifest.xml:37:61-85
33
34    <uses-permission android:name="com.oculus.permission.USE_ANCHOR_API" />
34-->src\main\AndroidManifest.xml:38:3-74
34-->src\main\AndroidManifest.xml:38:20-71
35
36    <uses-feature
36-->src\main\AndroidManifest.xml:39:3-90
37        android:name="com.oculus.feature.PASSTHROUGH"
37-->src\main\AndroidManifest.xml:39:17-62
38        android:required="false" />
38-->src\main\AndroidManifest.xml:39:63-87
39
40    <uses-permission android:name="com.oculus.permission.USE_SCENE" />
40-->src\main\AndroidManifest.xml:40:3-69
40-->src\main\AndroidManifest.xml:40:20-66
41    <uses-permission android:name="horizonos.permission.HEADSET_CAMERA" />
41-->src\main\AndroidManifest.xml:41:3-73
41-->src\main\AndroidManifest.xml:41:20-70
42
43    <application
43-->src\main\AndroidManifest.xml:9:3-35:17
44        android:allowBackup="false"
44-->src\main\AndroidManifest.xml:9:16-43
45        android:appCategory="game"
45-->src\main\AndroidManifest.xml:9:44-70
46        android:extractNativeLibs="true"
46-->src\main\AndroidManifest.xml:9:71-103
47        android:icon="@mipmap/app_icon"
47-->src\main\AndroidManifest.xml:9:104-135
48        android:label="@string/app_name"
48-->src\main\AndroidManifest.xml:9:136-168
49        android:networkSecurityConfig="@xml/network_sec_config" >
49-->src\main\AndroidManifest.xml:9:169-224
50        <meta-data
50-->src\main\AndroidManifest.xml:10:5-89
51            android:name="unityplayer.SkipPermissionsDialog"
51-->src\main\AndroidManifest.xml:10:16-64
52            android:value="false" />
52-->src\main\AndroidManifest.xml:10:65-86
53        <meta-data
53-->src\main\AndroidManifest.xml:11:5-103
54            android:name="com.oculus.ossplash.background"
54-->src\main\AndroidManifest.xml:11:16-61
55            android:value="passthrough-contextual" />
55-->src\main\AndroidManifest.xml:11:62-100
56        <meta-data
56-->src\main\AndroidManifest.xml:12:5-120
57            android:name="com.oculus.telemetry.project_guid"
57-->src\main\AndroidManifest.xml:12:16-64
58            android:value="9c304437-88da-4949-834b-5011cba7641f" />
58-->src\main\AndroidManifest.xml:12:65-117
59        <meta-data
59-->src\main\AndroidManifest.xml:13:5-138
60            android:name="com.oculus.supportedDevices"
60-->src\main\AndroidManifest.xml:13:16-58
61            android:value="quest2|questpro|quest3|quest3s"
61-->src\main\AndroidManifest.xml:13:59-105
62            tools:replace="android:value" />
62-->src\main\AndroidManifest.xml:13:106-135
63        <meta-data
63-->src\main\AndroidManifest.xml:14:5-69
64            android:name="unity.splash-mode"
64-->src\main\AndroidManifest.xml:14:16-48
65            android:value="0" />
65-->src\main\AndroidManifest.xml:14:49-66
66        <meta-data
66-->src\main\AndroidManifest.xml:15:5-74
67            android:name="unity.splash-enable"
67-->src\main\AndroidManifest.xml:15:16-50
68            android:value="True" />
68-->src\main\AndroidManifest.xml:15:51-71
69        <meta-data
69-->src\main\AndroidManifest.xml:16:5-78
70            android:name="unity.launch-fullscreen"
70-->src\main\AndroidManifest.xml:16:16-54
71            android:value="True" />
71-->src\main\AndroidManifest.xml:16:55-75
72        <meta-data
72-->src\main\AndroidManifest.xml:17:5-84
73            android:name="unity.render-outside-safearea"
73-->src\main\AndroidManifest.xml:17:16-60
74            android:value="True" />
74-->src\main\AndroidManifest.xml:17:61-81
75        <meta-data
75-->src\main\AndroidManifest.xml:18:5-81
76            android:name="notch.config"
76-->src\main\AndroidManifest.xml:18:16-43
77            android:value="portrait|landscape" />
77-->src\main\AndroidManifest.xml:18:44-78
78        <meta-data
78-->src\main\AndroidManifest.xml:19:5-84
79            android:name="unity.auto-report-fully-drawn"
79-->src\main\AndroidManifest.xml:19:16-60
80            android:value="true" />
80-->src\main\AndroidManifest.xml:19:61-81
81        <meta-data
81-->src\main\AndroidManifest.xml:20:5-78
82            android:name="unity.strip-engine-code"
82-->src\main\AndroidManifest.xml:20:16-54
83            android:value="true" />
83-->src\main\AndroidManifest.xml:20:55-75
84        <meta-data
84-->src\main\AndroidManifest.xml:21:5-80
85            android:name="unity.auto-set-game-state"
85-->src\main\AndroidManifest.xml:21:16-56
86            android:value="true" />
86-->src\main\AndroidManifest.xml:21:57-77
87
88        <activity
88-->src\main\AndroidManifest.xml:22:5-32:16
89            android:name="com.unity3d.player.UnityPlayerGameActivity"
89-->src\main\AndroidManifest.xml:22:346-403
90            android:configChanges="mcc|mnc|locale|touchscreen|keyboard|keyboardHidden|navigation|orientation|screenLayout|uiMode|screenSize|smallestScreenSize|fontScale|layoutDirection|density"
90-->src\main\AndroidManifest.xml:22:15-196
91            android:enabled="true"
91-->src\main\AndroidManifest.xml:22:197-219
92            android:excludeFromRecents="true"
92-->src\main\AndroidManifest.xml:22:220-253
93            android:exported="true"
93-->src\main\AndroidManifest.xml:22:254-277
94            android:hardwareAccelerated="false"
94-->src\main\AndroidManifest.xml:22:278-313
95            android:launchMode="singleTask"
95-->src\main\AndroidManifest.xml:22:314-345
96            android:resizeableActivity="true"
96-->src\main\AndroidManifest.xml:22:404-437
97            android:screenOrientation="landscape"
97-->src\main\AndroidManifest.xml:22:438-475
98            android:theme="@style/Theme.AppCompat.DayNight.NoActionBar" >
98-->src\main\AndroidManifest.xml:22:476-535
99            <intent-filter>
99-->src\main\AndroidManifest.xml:23:7-27:23
100                <category android:name="android.intent.category.LAUNCHER" />
100-->src\main\AndroidManifest.xml:24:9-69
100-->src\main\AndroidManifest.xml:24:19-66
101                <category android:name="com.oculus.intent.category.VR" />
101-->src\main\AndroidManifest.xml:25:9-66
101-->src\main\AndroidManifest.xml:25:19-63
102
103                <action android:name="android.intent.action.MAIN" />
103-->src\main\AndroidManifest.xml:26:9-61
103-->src\main\AndroidManifest.xml:26:17-58
104            </intent-filter>
105
106            <meta-data
106-->src\main\AndroidManifest.xml:28:7-81
107                android:name="com.oculus.vr.focusaware"
107-->src\main\AndroidManifest.xml:28:18-57
108                android:value="true" />
108-->src\main\AndroidManifest.xml:28:58-78
109            <meta-data
109-->src\main\AndroidManifest.xml:29:7-130
110                android:name="WindowManagerPreference:FreeformWindowSize"
110-->src\main\AndroidManifest.xml:29:18-75
111                android:value="@string/FreeformWindowSize_maximize" />
111-->src\main\AndroidManifest.xml:29:76-127
112            <meta-data
112-->src\main\AndroidManifest.xml:30:7-145
113                android:name="WindowManagerPreference:FreeformWindowOrientation"
113-->src\main\AndroidManifest.xml:30:18-82
114                android:value="@string/FreeformWindowOrientation_landscape" />
114-->src\main\AndroidManifest.xml:30:83-142
115            <meta-data
115-->src\main\AndroidManifest.xml:31:7-70
116                android:name="notch_support"
116-->src\main\AndroidManifest.xml:31:18-46
117                android:value="true" />
117-->src\main\AndroidManifest.xml:31:47-67
118        </activity>
119
120        <meta-data
120-->src\main\AndroidManifest.xml:33:5-88
121            android:name="com.oculus.handtracking.frequency"
121-->src\main\AndroidManifest.xml:33:16-64
122            android:value="HIGH" />
122-->src\main\AndroidManifest.xml:33:65-85
123        <meta-data
123-->src\main\AndroidManifest.xml:34:5-86
124            android:name="com.oculus.handtracking.version"
124-->src\main\AndroidManifest.xml:34:16-62
125            android:value="V2.0" />
125-->src\main\AndroidManifest.xml:34:63-83
126    </application>
127
128</manifest>